<?xml version="1.0" encoding="UTF-8"?>
<!-- Generated by org.testng.reporters.JUnitReportReporter -->
<testsuite skipped="0" hostname="786_DreamLaptop" name="testPackage.LoginPageTest" tests="1" failures="0" timestamp="2023-03-06T15:17:06 IST" time="5.557" errors="0">
  <testcase name="loginTest" time="5.557" classname="testPackage.LoginPageTest"/>
  <system-out/>
</testsuite> <!-- testPackage.LoginPageTest -->
