<?xml version="1.0" encoding="UTF-8"?>
<!-- Generated by org.testng.reporters.JUnitReportReporter -->
<testsuite skipped="0" hostname="786_DreamLaptop" name="testPackage.LandingPageTest" tests="2" failures="0" timestamp="2023-03-06T14:24:14 IST" time="11.828" errors="0">
  <testcase name="Testcase1" time="6.360" classname="testPackage.LandingPageTest"/>
  <system-out/>
  <testcase name="Testcase2" time="5.468" classname="testPackage.LandingPageTest"/>
  <system-out/>
</testsuite> <!-- testPackage.LandingPageTest -->
